<?xml version="1.0" encoding="UTF-8"?>
<!-- Generated by org.testng.reporters.JUnitReportReporter -->
<testsuite hostname="DESKTOP-BB34OQ0" failures="0" tests="3" name="LearningTestNg.ParallelExecution" time="71.702" errors="0" timestamp="2023-01-21T19:27:10 IST" skipped="0">
  <testcase classname="LearningTestNg.ParallelExecution" name="intialProcessMethod3" time="15.229"/>
  <system-out/>
  <testcase classname="LearningTestNg.ParallelExecution" name="intialProcessMethod2" time="21.872"/>
  <system-out/>
  <testcase classname="LearningTestNg.ParallelExecution" name="intialProcessMethod1" time="34.601"/>
  <system-out/>
</testsuite> <!-- LearningTestNg.ParallelExecution -->
