<?xml version="1.0" encoding="UTF-8"?>
<!-- Generated by org.testng.reporters.JUnitReportReporter -->
<testsuite hostname="DESKTOP-BB34OQ0" failures="0" tests="5" name="LearningTestNg.anotation_3" time="0.018" errors="0" timestamp="2023-01-23T20:06:35 IST" skipped="0">
  <testcase classname="LearningTestNg.anotation_3" name="test1" time="0.003"/>
  <system-out/>
  <testcase classname="LearningTestNg.anotation_3" name="test1" time="0.002"/>
  <system-out/>
  <testcase classname="LearningTestNg.anotation_3" name="test2" time="0.003"/>
  <system-out/>
  <testcase classname="LearningTestNg.anotation_3" name="test2" time="0.002"/>
  <system-out/>
  <testcase classname="LearningTestNg.anotation_3" name="test1" time="0.008"/>
  <system-out/>
</testsuite> <!-- LearningTestNg.anotation_3 -->
